<?xml version="1.0" encoding="UTF-8"?>
<testng-results ignored="0" total="1" passed="1" failed="0" skipped="0">
  <reporter-output>
  </reporter-output>
  <suite started-at="2020-12-02T23:15:23 IST" name="Default suite" finished-at="2020-12-02T23:21:57 IST" duration-ms="394017">
    <groups>
      <group name="cucumber">
        <method signature="AbstractTestNGCucumberTests.feature(cucumber.api.testng.CucumberFeatureWrapper)[pri:0, instance:runner.Runner@7ce3cb8e]" name="feature" class="cucumber.api.testng.AbstractTestNGCucumberTests"/>
      </group> <!-- cucumber -->
    </groups>
    <test started-at="2020-12-02T23:15:23 IST" name="Default test" finished-at="2020-12-02T23:21:57 IST" duration-ms="394017">
      <class name="runner.Runner">
        <test-method is-config="true" signature="setUpClass()[pri:0, instance:runner.Runner@7ce3cb8e]" started-at="2020-12-02T23:15:23 IST" name="setUpClass" finished-at="2020-12-02T23:15:24 IST" duration-ms="825" status="PASS">
          <reporter-output>
          </reporter-output>
        </test-method> <!-- setUpClass -->
        <test-method signature="feature(cucumber.api.testng.CucumberFeatureWrapper)[pri:0, instance:runner.Runner@7ce3cb8e]" started-at="2020-12-02T23:15:24 IST" name="feature" description="Runs Cucumber Feature" data-provider="features" finished-at="2020-12-02T23:21:57 IST" duration-ms="392666" status="PASS">
          <params>
            <param index="0">
              <value>
                <![CDATA[FreeCRM launching]]>
              </value>
            </param>
          </params>
          <reporter-output>
          </reporter-output>
        </test-method> <!-- feature -->
        <test-method is-config="true" signature="tearDownClass()[pri:0, instance:runner.Runner@7ce3cb8e]" started-at="2020-12-02T23:21:57 IST" name="tearDownClass" finished-at="2020-12-02T23:21:57 IST" duration-ms="270" status="PASS">
          <reporter-output>
          </reporter-output>
        </test-method> <!-- tearDownClass -->
      </class> <!-- runner.Runner -->
    </test> <!-- Default test -->
  </suite> <!-- Default suite -->
</testng-results>
